<?xml version="1.0" encoding="utf-8"?><testsuites name="pytest tests"><testsuite name="pytest" errors="0" failures="0" skipped="0" tests="6" time="4.354" timestamp="2026-06-09T20:39:23.109280+00:00" hostname="agent-env-43892f2e-184b-4dbc-8d49-3f7aea346d7a"><testcase classname="backend.tests.test_mask_market_flows" name="test_auth_register_login_refresh_logout" time="0.516" /><testcase classname="backend.tests.test_mask_market_flows" name="test_2fa_enable_verify_and_login_with_otp" time="0.623" /><testcase classname="backend.tests.test_mask_market_flows" name="test_passkey_register_and_login" time="0.338" /><testcase classname="backend.tests.test_mask_market_flows" name="test_listing_create_pay_fee_and_admin_moderation" time="1.262" /><testcase classname="backend.tests.test_mask_market_flows" name="test_transaction_escrow_deal_room_dispute_admin_resolve" time="1.047" /><testcase classname="backend.tests.test_mask_market_flows" name="test_admin_endpoints_access" time="0.545" /></testsuite></testsuites>