<?xml version="1.0" encoding="utf-8"?><testsuites name="pytest tests"><testsuite name="pytest" errors="0" failures="0" skipped="0" tests="4" time="2.332" timestamp="2026-06-09T23:41:06.174039+00:00" hostname="agent-env-43892f2e-184b-4dbc-8d49-3f7aea346d7a"><testcase classname="backend.tests.test_admin_categories_crud_reorder" name="test_admin_categories_crud_and_user_active_filter" time="0.774" /><testcase classname="backend.tests.test_admin_categories_crud_reorder" name="test_admin_reorder_categories" time="0.326" /><testcase classname="backend.tests.test_admin_categories_crud_reorder" name="test_category_disable_reenable_and_delete_affects_linked_listings" time="0.753" /><testcase classname="backend.tests.test_admin_categories_crud_reorder" name="test_listing_create_rejects_inactive_and_missing_category" time="0.463" /></testsuite></testsuites>